<?xml version="1.0" encoding="UTF-8"?>
<!-- Generated by org.testng.reporters.JUnitReportReporter -->
<testsuite skipped="0" hostname="VMT3927" name="Browserutil.OpenBrowser" tests="1" failures="0" timestamp="01 Feb 2019 12:30:04 GMT" time="10.416" errors="0">
  <testcase name="OpenApplication" time="10.416" classname="Browserutil.OpenBrowser"/>
</testsuite> <!-- Browserutil.OpenBrowser -->
